<?xml version="1.0" encoding="UTF-8"?>
<!-- Generated by org.testng.reporters.JUnitReportReporter -->
<testsuite skipped="0" hostname="Pavithri-PC" name="test.KryGuruTest" tests="2" failures="0" timestamp="23 Jun 2017 13:09:29 GMT" time="33.640" errors="0">
  <testcase name="registrationTest" time="29.135" classname="test.KryGuruTest"/>
  <testcase name="loginTest" time="4.505" classname="test.KryGuruTest"/>
</testsuite> <!-- test.KryGuruTest -->
